This file contains any messages produced by compilers while
running configure, to aid debugging if configure makes a mistake.

configure:593: checking host system type
configure:619: checking for prespecified compiler options
configure:716: checking for gcc
configure:829: checking whether the C compiler (gcc  ) works
configure:845: gcc -o conftest    conftest.c  1>&5
configure:871: checking whether the C compiler (gcc  ) is a cross-compiler
configure:876: checking whether we are using GNU C
configure:904: checking whether gcc accepts -g
configure:936: checking whether make sets ${MAKE}
configure:965: checking for ranlib
configure:997: checking for sh
configure:1041: checking for file suffixes
configure:1176: checking for sqrt in -lm
configure:1225: checking for -lnsl
configure:1294: checking for -lsocket
configure:1361: checking for bfd_open_file in -lbfd
configure:1408: checking for xstrerror in -liberty
configure:1678: checking how to run the C preprocessor
configure:1758: checking for ANSI C header files
configure:1862: checking whether time.h and sys/time.h may both be included
configure:1900: checking for stdlib.h
configure:1900: checking for math.h
configure:1900: checking for string.h
configure:1900: checking for strings.h
configure:1900: checking for errno.h
configure:1900: checking for assert.h
configure:1900: checking for sys/time.h
configure:1900: checking for time.h
configure:1900: checking for stddef.h
configure:1900: checking for unistd.h
configure:1900: checking for malloc.h
configure:1900: checking for sys/types.h
configure:1900: checking for sys/stat.h
configure:1900: checking for fcntl.h
configure:1900: checking for signal.h
configure:1900: checking for sys/socket.h
configure:1900: checking for netinet/in.h
configure:1900: checking for netdb.h
configure:1900: checking for sys/resource.h
configure:1900: checking for sys/param.h
configure:1900: checking for sys/times.h
configure:2001: checking for working const
configure:2078: checking for void
configure:2111: checking for size_t
configure:2144: checking for pid_t
configure:2177: checking return type of signal handlers
configure:2218: checking for u_char
configure:2254: checking for missing printf prototype
configure:2290: checking for missing gethostname prototype
configure:2329: checking for missing getrusage prototype
configure:2382: checking usable sigaction()
configure:2474: checking for __attribute__
configure:2554: checking for gethostname
configure:2554: checking for socket
configure:2554: checking for strdup
configure:2554: checking for getrusage
configure:2554: checking for times
configure:2554: checking for clock
configure:2554: checking for sleep
configure:2554: checking for sigaction
configure:2554: checking for signal
